Using pre-set license
Built from '2020.3/staging' branch; Version is '2020.3.28f1 (f5400f52e03f) revision 16072719'; Using compiler version '192528614'; Build Type 'Release'
OS: 'Windows 10  (10.0.19044) 64bit Professional' Language: 'ko' Physical Memory: 16266 MB
BatchMode: 1, IsHumanControllingUs: 0, StartBugReporterOnCrash: 0, Is64bit: 1, IsPro: 0

COMMAND LINE ARGUMENTS:
C:\Program Files\Unity\Hub\Editor\2020.3.28f1\Editor\Unity.exe
-adb2
-batchMode
-noUpm
-name
AssetImportWorker0
-projectPath
D:/GitHub/Zombie20220414/Zombie
-logFile
Logs/AssetImportWorker0.log
-srvPort
52684
Successfully changed project path to: D:/GitHub/Zombie20220414/Zombie
D:/GitHub/Zombie20220414/Zombie
Using Asset Import Pipeline V2.
Refreshing native plugins compatible for Editor in 44.99 ms, found 2 plugins.
Preloading 0 native plugins for Editor in 0.00 ms.
Initialize engine version: 2020.3.28f1 (f5400f52e03f)
[Subsystems] Discovering subsystems at path C:/Program Files/Unity/Hub/Editor/2020.3.28f1/Editor/Data/Resources/UnitySubsystems
[Subsystems] Discovering subsystems at path D:/GitHub/Zombie20220414/Zombie/Assets
GfxDevice: creating device client; threaded=0
Direct3D:
    Version:  Direct3D 11.0 [level 11.1]
    Renderer: NVIDIA GeForce GTX 1060 3GB (ID=0x1b84)
    Vendor:   
    VRAM:     2988 MB
    Driver:   27.21.14.5671
Initialize mono
Mono path[0] = 'C:/Program Files/Unity/Hub/Editor/2020.3.28f1/Editor/Data/Managed'
Mono path[1] = 'C:/Program Files/Unity/Hub/Editor/2020.3.28f1/Editor/Data/MonoBleedingEdge/lib/mono/unityjit'
Mono config path = 'C:/Program Files/Unity/Hub/Editor/2020.3.28f1/Editor/Data/MonoBleedingEdge/etc'
Using monoOptions --debugger-agent=transport=dt_socket,embedding=1,server=y,suspend=n,address=127.0.0.1:56992
Begin MonoManager ReloadAssembly
Registering precompiled unity dll's ...
Register platform support module: C:/Program Files/Unity/Hub/Editor/2020.3.28f1/Editor/Data/PlaybackEngines/WindowsStandaloneSupport/UnityEditor.WindowsStandalone.Extensions.dll
Registered in 0.002121 seconds.
Native extension for WindowsStandalone target not found
Refreshing native plugins compatible for Editor in 42.55 ms, found 2 plugins.
Preloading 0 native plugins for Editor in 0.00 ms.
Mono: successfully reloaded assembly
- Completed reload, in  0.601 seconds
Domain Reload Profiling:
	ReloadAssembly (601ms)
		BeginReloadAssembly (67ms)
			ExecutionOrderSort (0ms)
			DisableScriptedObjects (0ms)
			BackupInstance (0ms)
			ReleaseScriptingObjects (0ms)
			CreateAndSetChildDomain (1ms)
		EndReloadAssembly (459ms)
			LoadAssemblies (65ms)
			RebuildTransferFunctionScriptingTraits (0ms)
			SetupTypeCache (155ms)
			ReleaseScriptCaches (0ms)
			RebuildScriptCaches (31ms)
			SetupLoadedEditorAssemblies (171ms)
				LogAssemblyErrors (0ms)
				InitializePlatformSupportModulesInManaged (4ms)
				SetLoadedEditorAssemblies (0ms)
				RefreshPlugins (43ms)
				BeforeProcessingInitializeOnLoad (13ms)
				ProcessInitializeOnLoadAttributes (82ms)
				ProcessInitializeOnLoadMethodAttributes (28ms)
				AfterProcessingInitializeOnLoad (0ms)
				EditorAssembliesLoaded (0ms)
			ExecutionOrderSort2 (0ms)
			AwakeInstancesAfterBackupRestoration (0ms)
Platform modules already initialized, skipping
Registering precompiled user dll's ...
Registered in 0.004792 seconds.
Begin MonoManager ReloadAssembly
Native extension for WindowsStandalone target not found
Refreshing native plugins compatible for Editor in 0.48 ms, found 2 plugins.
Preloading 0 native plugins for Editor in 0.00 ms.
Mono: successfully reloaded assembly
- Completed reload, in  1.089 seconds
Domain Reload Profiling:
	ReloadAssembly (1090ms)
		BeginReloadAssembly (158ms)
			ExecutionOrderSort (0ms)
			DisableScriptedObjects (5ms)
			BackupInstance (0ms)
			ReleaseScriptingObjects (0ms)
			CreateAndSetChildDomain (18ms)
		EndReloadAssembly (869ms)
			LoadAssemblies (100ms)
			RebuildTransferFunctionScriptingTraits (0ms)
			SetupTypeCache (304ms)
			ReleaseScriptCaches (0ms)
			RebuildScriptCaches (52ms)
			SetupLoadedEditorAssemblies (329ms)
				LogAssemblyErrors (0ms)
				InitializePlatformSupportModulesInManaged (4ms)
				SetLoadedEditorAssemblies (0ms)
				RefreshPlugins (1ms)
				BeforeProcessingInitializeOnLoad (97ms)
				ProcessInitializeOnLoadAttributes (210ms)
				ProcessInitializeOnLoadMethodAttributes (11ms)
				AfterProcessingInitializeOnLoad (7ms)
				EditorAssembliesLoaded (0ms)
			ExecutionOrderSort2 (0ms)
			AwakeInstancesAfterBackupRestoration (6ms)
Platform modules already initialized, skipping
========================================================================
Worker process is ready to serve import requests
Launched and connected shader compiler UnityShaderCompiler.exe after 0.07 seconds
Refreshing native plugins compatible for Editor in 0.47 ms, found 2 plugins.
Preloading 0 native plugins for Editor in 0.00 ms.
Unloading 2061 Unused Serialized files (Serialized files now loaded: 0)
System memory in use before: 181.5 MB.
System memory in use after: 181.6 MB.

Unloading 26 unused Assets to reduce memory usage. Loaded Objects now: 2517.
Total: 2.874800 ms (FindLiveObjects: 0.162400 ms CreateObjectMapping: 0.088600 ms MarkObjects: 2.522400 ms  DeleteObjects: 0.100500 ms)

AssetImportParameters requested are different than current active one (requested -> active):
  custom:framework-win-MediaFoundation: 216162199b28c13a410421893ffa2e32 -> 
  custom:video-decoder-ogg-theora: a1e56fd34408186e4bbccfd4996cb3dc -> 
  custom:container-muxer-webm: aa71ff27fc2769a1b78a27578f13a17b -> 
  custom:container-demuxer-webm: 4f35f7cbe854078d1ac9338744f61a02 -> 
  custom:container-demuxer-ogg: 62fdf1f143b41e24485cea50d1cbac27 -> 
  custom:video-encoder-webm-vp8: eb34c28f22e8b96e1ab97ce403110664 -> 
  custom:video-decoder-webm-vp8: 9c59270c3fd7afecdb556c50c9e8de78 -> 
  custom:audio-decoder-ogg-vorbis: bf7c407c2cedff20999df2af8eb42d56 -> 
  custom:audio-encoder-webm-vorbis: bf7c407c2cedff20999df2af8eb42d56 -> 
========================================================================
Received Import Request.
  path: Assets/Resources
  artifactKey: Guid(4bb93f73639114c4098dcc924ec67550) Importer(815301076,1909f56bfc062723c751e8b465ee728b)
Start importing Assets/Resources using Guid(4bb93f73639114c4098dcc924ec67550) Importer(815301076,1909f56bfc062723c751e8b465ee728b)  -> (artifact id: 'e179bd1cb1036172ffd5f128480f2333') in 0.007412 seconds 
  Import took 0.010441 seconds .

========================================================================
Received Import Request.
  Time since last request: 62.818189 seconds.
  path: Assets/Resource
  artifactKey: Guid(efae91f3a799c0b4a830949fd7f6a981) Importer(815301076,1909f56bfc062723c751e8b465ee728b)
Start importing Assets/Resource using Guid(efae91f3a799c0b4a830949fd7f6a981) Importer(815301076,1909f56bfc062723c751e8b465ee728b)  -> (artifact id: '53f9595525e15db394d284f0859566b2') in 0.007834 seconds 
  Import took 0.011263 seconds .

========================================================================
Received Import Request.
  Time since last request: 13.829501 seconds.
  path: Assets/Resources
  artifactKey: Guid(efae91f3a799c0b4a830949fd7f6a981) Importer(815301076,1909f56bfc062723c751e8b465ee728b)
Start importing Assets/Resources using Guid(efae91f3a799c0b4a830949fd7f6a981) Importer(815301076,1909f56bfc062723c751e8b465ee728b)  -> (artifact id: '4ad50f8432ff657b0ff1aae0ceeb445c') in 0.004102 seconds 
  Import took 0.009198 seconds .

========================================================================
Received Import Request.
  Time since last request: 29.284167 seconds.
  path: Assets/Prefabs
  artifactKey: Guid(56f186d9e63ef4c12bdde22784fdc2fa) Importer(815301076,1909f56bfc062723c751e8b465ee728b)
Start importing Assets/Prefabs using Guid(56f186d9e63ef4c12bdde22784fdc2fa) Importer(815301076,1909f56bfc062723c751e8b465ee728b)  -> (artifact id: '698a73c7ca1ac4d3a7de1205a6595627') in 0.007371 seconds 
  Import took 0.011489 seconds .

========================================================================
Received Import Request.
  Time since last request: 0.215937 seconds.
  path: Assets/Post-Process Profile
  artifactKey: Guid(c7ad28be1de8f4153b72bcb9e4981a5e) Importer(815301076,1909f56bfc062723c751e8b465ee728b)
Start importing Assets/Post-Process Profile using Guid(c7ad28be1de8f4153b72bcb9e4981a5e) Importer(815301076,1909f56bfc062723c751e8b465ee728b)  -> (artifact id: '520461ac50f7fc5b4c60ebec45204744') in 0.007045 seconds 
  Import took 0.010313 seconds .

========================================================================
Received Import Request.
  Time since last request: 3.318548 seconds.
  path: Assets/Prefabs/AmmoPack.prefab
  artifactKey: Guid(c90bf41c504e541b98989b07b736097c) Importer(815301076,1909f56bfc062723c751e8b465ee728b)
Start importing Assets/Prefabs/AmmoPack.prefab using Guid(c90bf41c504e541b98989b07b736097c) Importer(815301076,1909f56bfc062723c751e8b465ee728b)  -> (artifact id: 'cb1df2f32d197734dcf63932087888ae') in 0.113369 seconds 
  Import took 0.116628 seconds .

========================================================================
Received Import Request.
  Time since last request: 1.128106 seconds.
  path: Assets/Prefabs/BloodSprayEffect.prefab
  artifactKey: Guid(da33d2f1d5c4b41689d8063e19e3a7dc) Importer(815301076,1909f56bfc062723c751e8b465ee728b)
Start importing Assets/Prefabs/BloodSprayEffect.prefab using Guid(da33d2f1d5c4b41689d8063e19e3a7dc) Importer(815301076,1909f56bfc062723c751e8b465ee728b)  -> (artifact id: 'f49cc5ca14711a6502a7484f5435d0f6') in 0.018786 seconds 
  Import took 0.022525 seconds .

========================================================================
Received Import Request.
  Time since last request: 0.289119 seconds.
  path: Assets/Prefabs/Coin.prefab
  artifactKey: Guid(4229c84aca58549a586e9bb7aaae97c4) Importer(815301076,1909f56bfc062723c751e8b465ee728b)
Start importing Assets/Prefabs/Coin.prefab using Guid(4229c84aca58549a586e9bb7aaae97c4) Importer(815301076,1909f56bfc062723c751e8b465ee728b)  -> (artifact id: 'ccb26e9a67e51efcbf59f9599886223c') in 0.012734 seconds 
  Import took 0.015959 seconds .

========================================================================
Received Import Request.
  Time since last request: 0.321352 seconds.
  path: Assets/Prefabs/Gun.prefab
  artifactKey: Guid(13259943c4d634186ac994d570bb3253) Importer(815301076,1909f56bfc062723c751e8b465ee728b)
Start importing Assets/Prefabs/Gun.prefab using Guid(13259943c4d634186ac994d570bb3253) Importer(815301076,1909f56bfc062723c751e8b465ee728b)  -> (artifact id: '75ec19b19c21fa08e48116a783c00663') in 0.017492 seconds 
  Import took 0.021111 seconds .

========================================================================
Received Import Request.
  Time since last request: 0.253156 seconds.
  path: Assets/Prefabs/HealthPack.prefab
  artifactKey: Guid(b4e7df10a580e4a1a88a79995b741816) Importer(815301076,1909f56bfc062723c751e8b465ee728b)
Start importing Assets/Prefabs/HealthPack.prefab using Guid(b4e7df10a580e4a1a88a79995b741816) Importer(815301076,1909f56bfc062723c751e8b465ee728b)  -> (artifact id: 'ded286f8ba72744fd4b0c9237573e9e4') in 0.013215 seconds 
  Import took 0.016548 seconds .

========================================================================
Received Import Request.
  Time since last request: 9.523836 seconds.
  path: Assets/Prefabs/HUD Canvas.prefab
  artifactKey: Guid(63226789a2ac34fec8493b064c47bd44) Importer(815301076,1909f56bfc062723c751e8b465ee728b)
Start importing Assets/Prefabs/HUD Canvas.prefab using Guid(63226789a2ac34fec8493b064c47bd44) Importer(815301076,1909f56bfc062723c751e8b465ee728b)  -> (artifact id: '070dde00e9fe6ee79b6aaf45f787fb95') in 0.024274 seconds 
  Import took 0.027840 seconds .

========================================================================
Received Import Request.
  Time since last request: 8103.921562 seconds.
  path: Assets/02.Scripts/ColorSerializanation.cs
  artifactKey: Guid(f36d75ef45fb3a1488bf88a640fd190a) Importer(815301076,1909f56bfc062723c751e8b465ee728b)
Start importing Assets/02.Scripts/ColorSerializanation.cs using Guid(f36d75ef45fb3a1488bf88a640fd190a) Importer(815301076,1909f56bfc062723c751e8b465ee728b)  -> (artifact id: 'f33c5f7aa8ac0ac3e7e7814a9061493d') in 0.009427 seconds 
  Import took 0.014084 seconds .

========================================================================
Received Import Request.
  Time since last request: 23.176629 seconds.
  path: Assets/02.Scripts/ColorSerialzanation.cs
  artifactKey: Guid(f36d75ef45fb3a1488bf88a640fd190a) Importer(815301076,1909f56bfc062723c751e8b465ee728b)
Start importing Assets/02.Scripts/ColorSerialzanation.cs using Guid(f36d75ef45fb3a1488bf88a640fd190a) Importer(815301076,1909f56bfc062723c751e8b465ee728b)  -> (artifact id: 'a8c67dcce09d8419aca82602a887ede0') in 0.006955 seconds 
  Import took 0.011017 seconds .

========================================================================
Received Import Request.
  Time since last request: 65.843246 seconds.
  path: Assets/02.Scripts/ColorSerialization.cs
  artifactKey: Guid(f36d75ef45fb3a1488bf88a640fd190a) Importer(815301076,1909f56bfc062723c751e8b465ee728b)
Start importing Assets/02.Scripts/ColorSerialization.cs using Guid(f36d75ef45fb3a1488bf88a640fd190a) Importer(815301076,1909f56bfc062723c751e8b465ee728b)  -> (artifact id: 'f32c155099b51632b98e28d415c6d905') in 0.006749 seconds 
  Import took 0.011843 seconds .

========================================================================
Received Import Request.
  Time since last request: 838.527276 seconds.
  path: Assets/02.Scripts/PlayerMovement.cs
  artifactKey: Guid(81fbdea9b4d505342aa2c04dde4619da) Importer(815301076,1909f56bfc062723c751e8b465ee728b)
Start importing Assets/02.Scripts/PlayerMovement.cs using Guid(81fbdea9b4d505342aa2c04dde4619da) Importer(815301076,1909f56bfc062723c751e8b465ee728b)  -> (artifact id: 'dd4fdc0b14a0354e1489cc3cee37e1e5') in 0.005195 seconds 
  Import took 0.009022 seconds .

========================================================================
Received Prepare
Registering precompiled user dll's ...
Registered in 0.004700 seconds.
Begin MonoManager ReloadAssembly
Native extension for WindowsStandalone target not found
Refreshing native plugins compatible for Editor in 0.48 ms, found 2 plugins.
Preloading 0 native plugins for Editor in 0.00 ms.
Mono: successfully reloaded assembly
- Completed reload, in  1.086 seconds
Domain Reload Profiling:
	ReloadAssembly (1087ms)
		BeginReloadAssembly (127ms)
			ExecutionOrderSort (0ms)
			DisableScriptedObjects (5ms)
			BackupInstance (0ms)
			ReleaseScriptingObjects (0ms)
			CreateAndSetChildDomain (40ms)
		EndReloadAssembly (886ms)
			LoadAssemblies (98ms)
			RebuildTransferFunctionScriptingTraits (0ms)
			SetupTypeCache (337ms)
			ReleaseScriptCaches (1ms)
			RebuildScriptCaches (43ms)
			SetupLoadedEditorAssemblies (306ms)
				LogAssemblyErrors (0ms)
				InitializePlatformSupportModulesInManaged (5ms)
				SetLoadedEditorAssemblies (1ms)
				RefreshPlugins (1ms)
				BeforeProcessingInitializeOnLoad (92ms)
				ProcessInitializeOnLoadAttributes (192ms)
				ProcessInitializeOnLoadMethodAttributes (10ms)
				AfterProcessingInitializeOnLoad (7ms)
				EditorAssembliesLoaded (0ms)
			ExecutionOrderSort2 (0ms)
			AwakeInstancesAfterBackupRestoration (6ms)
Platform modules already initialized, skipping
Refreshing native plugins compatible for Editor in 0.51 ms, found 2 plugins.
Preloading 0 native plugins for Editor in 0.00 ms.
Unloading 2014 Unused Serialized files (Serialized files now loaded: 0)
System memory in use before: 180.3 MB.
System memory in use after: 180.4 MB.

Unloading 21 unused Assets to reduce memory usage. Loaded Objects now: 2529.
Total: 2.666000 ms (FindLiveObjects: 0.154400 ms CreateObjectMapping: 0.082100 ms MarkObjects: 2.401400 ms  DeleteObjects: 0.027400 ms)

AssetImportParameters requested are different than current active one (requested -> active):
  custom:framework-win-MediaFoundation: 216162199b28c13a410421893ffa2e32 -> 
  custom:video-decoder-ogg-theora: a1e56fd34408186e4bbccfd4996cb3dc -> 
  custom:container-muxer-webm: aa71ff27fc2769a1b78a27578f13a17b -> 
  custom:container-demuxer-webm: 4f35f7cbe854078d1ac9338744f61a02 -> 
  custom:container-demuxer-ogg: 62fdf1f143b41e24485cea50d1cbac27 -> 
  custom:video-encoder-webm-vp8: eb34c28f22e8b96e1ab97ce403110664 -> 
  custom:video-decoder-webm-vp8: 9c59270c3fd7afecdb556c50c9e8de78 -> 
  custom:audio-decoder-ogg-vorbis: bf7c407c2cedff20999df2af8eb42d56 -> 
  custom:audio-encoder-webm-vorbis: bf7c407c2cedff20999df2af8eb42d56 -> 
AssetImportWorkerClient::OnTransportError - code=2 error=End of file
